<?xml version="1.0" encoding="UTF-8"?>
<Site BuildName="(empty)"
	BuildStamp="20240513-0036-Experimental"
	Name="ubuntu-vm"
	Generator="ctest-3.22.1"
	CompilerName="/usr/bin/c++"
	CompilerVersion="11.4.0"
	OSName="Linux"
	Hostname="ubuntu-vm"
	OSRelease="6.5.0-34-generic"
	OSVersion="#34~22.04.2-Ubuntu SMP PREEMPT_DYNAMIC Fri Apr 19 21:02:47 UTC 2"
	OSPlatform="aarch64"
	Is64Bits="1"
	VendorString=""
	VendorID="Unknown Manufacturer"
	FamilyID="8"
	ModelID="0"
	ProcessorCacheSize="0"
	NumberOfLogicalCPU="8"
	NumberOfPhysicalCPU="1"
	TotalVirtualMemory="2047"
	TotalPhysicalMemory="15955"
	LogicalProcessorsPerPhysical="8"
	ProcessorClockFrequency="0"
	>
	<Testing>
		<StartDateTime>May 12 19:36 CDT</StartDateTime>
		<StartTestTime>1715560595</StartTestTime>
		<TestList/>
		<EndDateTime>May 12 19:36 CDT</EndDateTime>
		<EndTestTime>1715560595</EndTestTime>
		<ElapsedMinutes>0</ElapsedMinutes>
	</Testing>
</Site>
